../system/Human.race
../system/Elf.race
../system/Dwarf.race
../system/Halfling.race
../system/Pixie.race
../system/Vampire.race
../system/Kitsune.race
../system/Orya.race
../system/Troll.race
../system/Half-Elf.race
../system/Gith.race
../system/Drow.race
../system/Kzinti.race
../system/Lizardman.race
../system/Gnome.race
../system/Dragon.race
../system/Ra.race
../system/Denizen.race
../system/Akima.race
../system/Uri.race
../system/Hatchling.race
../system/Elderdragon.race
../system/Wyrm.race
../system/Uraj.race
../system/Uriah.race
../system/Uvwyrn.race
../system/Cherribum.race
../system/Seraphim.race
../system/Holyserra.race
../system/Ghoul.race
../system/Demidemon.race
../system/Demon.race
../system/Bealzabub.race
../system/Silver-elf.race
../system/Goblin.race
../system/Hwajeh.race
../system/Ruurinkai.race
../system/Troglodyte.race
$
