&g|&G02/07 &g| &G 1210&g|  SwiftSword:  &Gkb5elqzp6z list
&g|&G02/07 &g| &G 1210&g|  SwiftSword:  &Gkb5elqzp6z list
&g|&G04/19 &g| &G  263&g|  SwiftSword:  &Gkb5elqzp6z list
&g|&G04/19 &g| &G  263&g|  SwiftSword:  &Gkb5elqzp6z This is a Test. Swiftsword is goofing off again. ;-)
&g|&G04/19 &g| &G  263&g|  SwiftSword:  &Gkb5elqzp6z list
&g|&G05/06 &g| &G33447&g|  Khesekh:  &GKhesekh
&g|&G05/19 &g| &G 1001&g|  Nicole:  &Gkb5e3qy92z6z list
&g|&G05/19 &g| &G 1001&g|  Nicole:  &Gkb5e3qy92z6z list
&g|&G05/19 &g| &G 1001&g|  Nicole:  &Glist
&g|&G06/02 &g| &G 1210&g|  SwiftSword:  &Glist
&g|&G06/02 &g| &G 1210&g|  SwiftSword:  &Gkb5elqzp6z list
&g|&G06/02 &g| &G 1051&g|  Khesekh:  &Glist
&g|&G06/02 &g| &G 1051&g|  Khesekh:  &Gkelsey list
&g|&G06/02 &g| &G 1001&g|  Nicole:  &Glist
&g|&G06/02 &g| &G 1001&g|  Nicole:  &Gkb5e3qy92z6z list
&g|&G09/30 &g| &G    6&g|  SwiftSword:  &GGalley is a dirty rotten scrondral @ IP 172.185.232.169.
&g|&G09/30 &g| &G 1210&g|  SwiftSword:  &GGalley is a dirty rotten scrondral @ IP 172.185.232.169.
&g|&G09/30 &g| &G 1210&g|  SwiftSword:  &Gkb5elqzp6z
&g|&G09/30 &g| &G 1210&g|  SwiftSword:  &GGalley is a dirty rotten scrondral @ IP 172.185.232.169.
&g|&G10/05 &g| &G 1210&g|  SwiftSword:  &Glist
